New https://pypi.org/project/ultralytics/8.2.50 available 😃 Update with 'pip install -U ultralytics'
Ultralytics YOLOv8.2.49 🚀 Python-3.11.0 torch-2.0.1+cu117 CUDA:0 (NVIDIA GeForce RTX 2080 Ti, 11012MiB)
                                                           CUDA:1 (NVIDIA GeForce RTX 2080 Ti, 11012MiB)
[34m[1mengine/trainer: [0mtask=detect, mode=train, model=yolov10n.yaml, data=coco.yaml, epochs=500, time=None, patience=100, batch=64, imgsz=640, save=True, save_period=-1, cache=False, device=(0, 1), workers=8, project=None, name=train2, exist_ok=False, pretrained=True, optimizer=auto, verbose=True, seed=0, deterministic=True, single_cls=False, rect=False, cos_lr=False, close_mosaic=10, resume=False, amp=True, fraction=1.0, profile=False, freeze=None, multi_scale=False, overlap_mask=True, mask_ratio=4, dropout=0.0, val=True, split=val, save_json=False, save_hybrid=False, conf=None, iou=0.7, max_det=300, half=False, dnn=False, plots=True, source=None, vid_stride=1, stream_buffer=False, visualize=False, augment=False, agnostic_nms=False, classes=None, retina_masks=False, embed=None, show=False, save_frames=False, save_txt=False, save_conf=False, save_crop=False, show_labels=True, show_conf=True, show_boxes=True, line_width=None, format=torchscript, keras=False, optimize=False, int8=False, dynamic=False, simplify=False, opset=None, workspace=4, nms=False, lr0=0.01, lrf=0.01, momentum=0.937, weight_decay=0.0005, warmup_epochs=3.0, warmup_momentum=0.8, warmup_bias_lr=0.1, box=7.5, cls=0.5, dfl=1.5, pose=12.0, kobj=1.0, label_smoothing=0.0, nbs=64, hsv_h=0.015, hsv_s=0.7, hsv_v=0.4, degrees=0.0, translate=0.1, scale=0.5, shear=0.0, perspective=0.0, flipud=0.0, fliplr=0.5, bgr=0.0, mosaic=1.0, mixup=0.0, copy_paste=0.0, auto_augment=randaugment, erasing=0.4, crop_fraction=1.0, cfg=None, tracker=botsort.yaml, save_dir=runs/detect/train2

                   from  n    params  module                                       arguments                     
  0                  -1  1       464  ultralytics.nn.modules.conv.Conv             [3, 16, 3, 2]                 
  1                  -1  1      4672  ultralytics.nn.modules.conv.Conv             [16, 32, 3, 2]                
  2                  -1  1      7360  ultralytics.nn.modules.block.C2f             [32, 32, 1, True]             
  3                  -1  1     18560  ultralytics.nn.modules.conv.Conv             [32, 64, 3, 2]                
  4                  -1  2     49664  ultralytics.nn.modules.block.C2f             [64, 64, 2, True]             
  5                  -1  1      9856  ultralytics.nn.modules.block.SCDown          [64, 128, 3, 2]               
  6                  -1  2    197632  ultralytics.nn.modules.block.C2f             [128, 128, 2, True]           
  7                  -1  1     36096  ultralytics.nn.modules.block.SCDown          [128, 256, 3, 2]              
  8                  -1  1    460288  ultralytics.nn.modules.block.C2f             [256, 256, 1, True]           
  9                  -1  1    164608  ultralytics.nn.modules.block.SPPF            [256, 256, 5]                 
 10                  -1  1    249728  ultralytics.nn.modules.block.PSA             [256, 256]                    
 11                  -1  1         0  torch.nn.modules.upsampling.Upsample         [None, 2, 'nearest']          
 12             [-1, 6]  1         0  ultralytics.nn.modules.conv.Concat           [1]                           
 13                  -1  1    148224  ultralytics.nn.modules.block.C2f             [384, 128, 1]                 
 14                  -1  1         0  torch.nn.modules.upsampling.Upsample         [None, 2, 'nearest']          
 15             [-1, 4]  1         0  ultralytics.nn.modules.conv.Concat           [1]                           
 16                  -1  1     37248  ultralytics.nn.modules.block.C2f             [192, 64, 1]                  
 17                  -1  1     36992  ultralytics.nn.modules.conv.Conv             [64, 64, 3, 2]                
 18            [-1, 13]  1         0  ultralytics.nn.modules.conv.Concat           [1]                           
 19                  -1  1    123648  ultralytics.nn.modules.block.C2f             [192, 128, 1]                 
 20                  -1  1     18048  ultralytics.nn.modules.block.SCDown          [128, 128, 3, 2]              
 21            [-1, 10]  1         0  ultralytics.nn.modules.conv.Concat           [1]                           
 22                  -1  1    282624  ultralytics.nn.modules.block.C2fCIB          [384, 256, 1, True, True]     
 23        [16, 19, 22]  1    929808  ultralytics.nn.modules.head.v10Detect        [80, [64, 128, 256]]          
YOLOv10n summary: 385 layers, 2775520 parameters, 2775504 gradients, 8.7 GFLOPs

[34m[1mDDP:[0m debug command /user/home/dr23820/.conda/envs/vcod/bin/python -m torch.distributed.run --nproc_per_node 2 --master_port 35483 /user/home/dr23820/.config/Ultralytics/DDP/_temp_wn1g9n89140244858830160.py
Ultralytics YOLOv8.2.49 🚀 Python-3.11.0 torch-2.0.1+cu117 CUDA:0 (NVIDIA GeForce RTX 2080 Ti, 11012MiB)
                                                           CUDA:1 (NVIDIA GeForce RTX 2080 Ti, 11012MiB)
Freezing layer 'model.23.dfl.conv.weight'
[34m[1mAMP: [0mrunning Automatic Mixed Precision (AMP) checks with YOLOv8n...
[34m[1mAMP: [0mchecks passed ✅
Plotting labels to runs/detect/train2/labels.jpg... 
[34m[1moptimizer:[0m 'optimizer=auto' found, ignoring 'lr0=0.01' and 'momentum=0.937' and determining best 'optimizer', 'lr0' and 'momentum' automatically... 
[34m[1moptimizer:[0m SGD(lr=0.01, momentum=0.9) with parameter groups 95 weight(decay=0.0), 108 weight(decay=0.0005), 107 bias(decay=0.0)
Image sizes 640 train, 640 val
Using 16 dataloader workers
Logging results to [1mruns/detect/train2[0m
Starting training for 500 epochs...

      Epoch    GPU_mem   box_loss   cls_loss   dfl_loss  Instances       Size
                   all       5000      36335    0.00397     0.0267    0.00413    0.00181

      Epoch    GPU_mem   box_loss   cls_loss   dfl_loss  Instances       Size
                   all       5000      36335      0.248     0.0514     0.0293     0.0163

      Epoch    GPU_mem   box_loss   cls_loss   dfl_loss  Instances       Size
                   all       5000      36335       0.26      0.134     0.0845     0.0483

      Epoch    GPU_mem   box_loss   cls_loss   dfl_loss  Instances       Size
                   all       5000      36335      0.299      0.188       0.15     0.0919

      Epoch    GPU_mem   box_loss   cls_loss   dfl_loss  Instances       Size
                   all       5000      36335      0.328      0.229      0.197      0.126

      Epoch    GPU_mem   box_loss   cls_loss   dfl_loss  Instances       Size
                   all       5000      36335      0.364      0.258      0.238      0.155

      Epoch    GPU_mem   box_loss   cls_loss   dfl_loss  Instances       Size
                   all       5000      36335      0.402      0.278      0.263      0.173

      Epoch    GPU_mem   box_loss   cls_loss   dfl_loss  Instances       Size
                   all       5000      36335      0.416      0.291      0.281      0.186

      Epoch    GPU_mem   box_loss   cls_loss   dfl_loss  Instances       Size
                   all       5000      36335      0.423      0.294      0.293      0.195

      Epoch    GPU_mem   box_loss   cls_loss   dfl_loss  Instances       Size
                   all       5000      36335      0.424      0.308      0.302      0.201

      Epoch    GPU_mem   box_loss   cls_loss   dfl_loss  Instances       Size
                   all       5000      36335      0.436      0.308      0.308      0.206

      Epoch    GPU_mem   box_loss   cls_loss   dfl_loss  Instances       Size
                   all       5000      36335      0.452      0.314      0.313       0.21

      Epoch    GPU_mem   box_loss   cls_loss   dfl_loss  Instances       Size
                   all       5000      36335      0.456      0.315      0.315      0.212

      Epoch    GPU_mem   box_loss   cls_loss   dfl_loss  Instances       Size
                   all       5000      36335      0.463      0.317      0.319      0.215

      Epoch    GPU_mem   box_loss   cls_loss   dfl_loss  Instances       Size
                   all       5000      36335      0.476      0.319      0.324      0.219

      Epoch    GPU_mem   box_loss   cls_loss   dfl_loss  Instances       Size
                   all       5000      36335      0.487      0.319      0.329      0.223

      Epoch    GPU_mem   box_loss   cls_loss   dfl_loss  Instances       Size
                   all       5000      36335      0.488      0.325      0.333      0.226

      Epoch    GPU_mem   box_loss   cls_loss   dfl_loss  Instances       Size
                   all       5000      36335      0.495      0.326      0.337      0.229

      Epoch    GPU_mem   box_loss   cls_loss   dfl_loss  Instances       Size
                   all       5000      36335      0.497      0.329      0.341      0.232

      Epoch    GPU_mem   box_loss   cls_loss   dfl_loss  Instances       Size
                   all       5000      36335      0.495      0.334      0.345      0.236

      Epoch    GPU_mem   box_loss   cls_loss   dfl_loss  Instances       Size
                   all       5000      36335      0.497      0.335      0.349      0.238

      Epoch    GPU_mem   box_loss   cls_loss   dfl_loss  Instances       Size
                   all       5000      36335      0.504      0.335      0.352      0.241

      Epoch    GPU_mem   box_loss   cls_loss   dfl_loss  Instances       Size
                   all       5000      36335      0.511      0.338      0.356      0.245

      Epoch    GPU_mem   box_loss   cls_loss   dfl_loss  Instances       Size
                   all       5000      36335      0.513      0.343       0.36      0.247

      Epoch    GPU_mem   box_loss   cls_loss   dfl_loss  Instances       Size
                   all       5000      36335      0.517      0.345      0.363       0.25

      Epoch    GPU_mem   box_loss   cls_loss   dfl_loss  Instances       Size
                   all       5000      36335      0.518      0.349      0.367      0.254

      Epoch    GPU_mem   box_loss   cls_loss   dfl_loss  Instances       Size
                   all       5000      36335      0.526      0.351      0.371      0.256

      Epoch    GPU_mem   box_loss   cls_loss   dfl_loss  Instances       Size
                   all       5000      36335      0.529      0.355      0.375       0.26

      Epoch    GPU_mem   box_loss   cls_loss   dfl_loss  Instances       Size
                   all       5000      36335       0.53      0.355      0.379      0.262

      Epoch    GPU_mem   box_loss   cls_loss   dfl_loss  Instances       Size
                   all       5000      36335      0.534      0.359      0.383      0.265

      Epoch    GPU_mem   box_loss   cls_loss   dfl_loss  Instances       Size
